../../stratego/src/run_stratego.sh RED SETUP
98B98BFB88
7B7436B657
67Bs294439
9956958159
../agents/peternlewis/peternlewis BLUE SETUP
997159s499
6359954865
48B3862B89
8BFB67B7B7
1 RED: 9 3 DOWN 3 BOTHDIE 9 9
1 BLU: 0 6 UP 2 OK
2 RED: 0 3 DOWN BOTHDIE 9 9
2 BLU: 1 6 UP 2 OK
3 RED: 1 3 DOWN BOTHDIE 9 9
3 BLU: 5 6 UP 2 OK
4 RED: 5 3 DOWN KILLS 5 9
4 BLU: 8 6 UP 2 OK
5 RED: 8 3 DOWN KILLS 5 9
5 BLU: 7 6 RIGHT 1 OK
6 RED: 9 2 DOWN 5 DIES 9 5
6 BLU: 8 6 UP 1 OK
7 RED: 4 3 DOWN 3 DIES 9 5
7 BLU: 8 5 UP 1 KILLS 4 5
8 RED: 1 2 DOWN OK
8 BLU: 2 6 LEFT 1 OK
9 RED: 1 3 DOWN OK
9 BLU: 1 6 UP 1 OK
10 RED: 1 4 DOWN BOTHDIE 7 7
10 BLU: 4 6 UP 1 OK
11 RED: 5 4 DOWN OK
11 BLU: 3 6 RIGHT 1 OK
12 RED: 5 5 LEFT BOTHDIE 5 5
12 BLU: 5 7 UP 1 OK
13 RED: 5 2 DOWN 4 DIES 9 5
13 BLU: 5 6 UP 1 OK
14 RED: 0 2 DOWN OK
14 BLU: 5 5 UP 1 OK
15 RED: 0 3 DOWN OK
15 BLU: 5 4 UP 1 OK
16 RED: 8 2 DOWN OK
16 BLU: 5 3 RIGHT 1 KILLS 5 8
17 RED: 8 3 DOWN KILLS 3 4
17 BLU: 6 3 UP 1 DIES 5 4
18 RED: 0 4 DOWN OK
18 BLU: 0 7 UP 1 OK
19 RED: 0 5 DOWN BOTHDIE 6 6
19 BLU: 4 7 RIGHT 1 OK
20 RED: 0 1 DOWN OK
20 BLU: 5 7 UP 1 OK
21 RED: 0 2 RIGHT OK
21 BLU: 5 6 UP 1 OK
22 RED: 0 0 DOWN 8 DIES 9 4
22 BLU: 5 5 LEFT 1 OK
23 RED: 6 2 DOWN OK
23 BLU: 4 5 UP 2 OK
24 RED: 3 3 RIGHT KILLS 6 9
24 BLU: 2 7 UP 1 OK
25 RED: 4 3 DOWN OK
25 BLU: 4 6 UP 1 OK
26 RED: 4 4 DOWN DIES 6 1
26 BLU: 2 6 LEFT 1 OK
27 RED: 1 2 DOWN OK
27 BLU: 1 6 UP 1 OK
28 RED: 1 3 DOWN OK
28 BLU: 1 5 UP 1 KILLS 5 7
29 RED: 6 3 LEFT OK
29 BLU: 4 5 RIGHT 1 OK
30 RED: 5 3 LEFT OK
30 BLU: 1 4 UP 1 OK
31 RED: 2 3 LEFT BOTHDIE 5 5
31 BLU: 3 7 LEFT 1 OK
32 RED: 4 3 RIGHT OK
32 BLU: 5 5 UP 1 OK
33 RED: 5 3 RIGHT OK
33 BLU: 5 8 UP 1 OK
34 RED: 8 4 UP OK
34 BLU: 5 7 LEFT 1 OK
35 RED: 9 1 DOWN OK
35 BLU: 4 7 UP 1 OK
36 RED: 9 2 DOWN OK
36 BLU: 9 7 UP 1 OK
37 RED: 9 3 DOWN OK
37 BLU: 9 6 UP 1 OK
38 RED: 8 3 DOWN OK
38 BLU: 9 5 UP 1 KILLS 5 7
39 RED: 8 4 RIGHT KILLS 3 5
39 BLU: 4 6 UP 1 OK
40 RED: 9 4 UP OK
40 BLU: 4 5 UP 1 OK
41 RED: 9 3 LEFT OK
41 BLU: 9 8 UP 7 OK
42 RED: 8 1 RIGHT KILLS 5 9
42 BLU: 4 4 UP 1 OK
43 RED: 6 3 UP OK
43 BLU: 4 3 UP 1 DIES 6 2
44 RED: 9 1 DOWN OK
44 BLU: 2 7 UP 1 OK
45 RED: 9 2 DOWN OK
45 BLU: 2 6 LEFT 1 OK
46 RED: 9 3 DOWN OK
46 BLU: 1 6 UP 4 OK
47 RED: 9 4 DOWN OK
47 BLU: 1 2 UP 1 DIES 9 B
48 RED: 9 5 DOWN OK
48 BLU: 4 8 UP 1 OK
49 RED: 9 6 DOWN OK
49 BLU: 4 7 LEFT 1 OK
50 RED: 9 7 DOWN OK
50 BLU: 3 7 LEFT 1 OK
51 RED: 9 8 DOWN KILLS 5 7
51 BLU: 2 7 UP 1 OK
52 RED: 9 9 LEFT DIES 5 B
52 BLU: 2 6 LEFT 1 OK
53 RED: 7 1 RIGHT OK
53 BLU: 1 6 LEFT 1 OK
54 RED: 8 1 DOWN OK
54 BLU: 0 6 UP 1 OK
55 RED: 8 3 RIGHT OK
55 BLU: 0 5 UP 1 OK
56 RED: 8 2 DOWN OK
56 BLU: 0 4 UP 1 OK
57 RED: 8 3 DOWN OK
57 BLU: 0 3 UP 1 OK
58 RED: 8 4 DOWN OK
58 BLU: 0 2 UP 1 OK
59 RED: 8 5 DOWN OK
59 BLU: 8 7 UP 1 BOTHDIE 6 6
60 RED: 4 2 DOWN OK
60 BLU: 0 1 RIGHT 1 KILLS 8 B
61 RED: 2 1 LEFT KILLS 7 8
61 BLU: 5 4 LEFT 1 OK
62 RED: 4 3 UP OK
62 BLU: 4 9 UP 1 OK
63 RED: 9 3 LEFT OK
63 BLU: 4 8 UP 1 OK
64 RED: 1 1 DOWN OK
64 BLU: 4 7 LEFT 1 OK
65 RED: 1 2 DOWN OK
65 BLU: 1 7 UP 1 OK
66 RED: 1 3 DOWN OK
66 BLU: 1 6 UP 1 OK
67 RED: 1 4 DOWN DIES 7 3
67 BLU: 3 7 LEFT 1 OK
68 RED: 5 1 DOWN OK
68 BLU: 5 9 UP 1 OK
69 RED: 5 2 DOWN OK
69 BLU: 5 8 UP 1 OK
70 RED: 6 2 LEFT OK
70 BLU: 5 7 UP 1 OK
71 RED: 5 2 UP OK
71 BLU: 5 6 UP 1 OK
72 RED: 5 1 DOWN OK
72 BLU: 5 5 UP 1 OK
73 RED: 5 3 DOWN KILLS 6 7
73 BLU: 4 4 RIGHT 1 KILLS 1 6
74 RED: 8 3 UP OK
74 BLU: 5 4 UP 1 OK
75 RED: 5 2 UP OK
75 BLU: 2 7 LEFT 1 OK
76 RED: 8 2 DOWN OK
76 BLU: 1 7 LEFT 1 OK
77 RED: 8 3 UP OK
77 BLU: 0 7 UP 1 OK
78 RED: 8 2 DOWN OK
78 BLU: 0 6 UP 1 OK
79 RED: 8 3 UP OK
79 BLU: 0 5 UP 1 OK
80 RED: 8 2 DOWN OK
80 BLU: 0 4 RIGHT 1 OK
81 RED: 8 3 UP OK
81 BLU: 1 4 UP 1 OK
82 RED: 8 2 DOWN OK
82 BLU: 1 3 UP 1 OK
83 RED: 8 3 UP OK
83 BLU: 1 2 RIGHT 1 DIES 6 B
84 RED: 8 2 DOWN OK
84 BLU: 1 8 UP 1 OK
85 RED: 8 3 UP OK
85 BLU: 1 7 LEFT 1 OK
86 RED: 8 2 DOWN OK
86 BLU: 0 7 UP 1 OK
87 RED: 8 3 UP OK
87 BLU: 0 6 UP 1 OK
88 RED: 8 2 DOWN OK
88 BLU: 0 5 UP 1 OK
89 RED: 8 3 UP OK
89 BLU: 0 4 RIGHT 1 OK
90 RED: 8 2 DOWN OK
90 BLU: 1 4 UP 1 OK
91 RED: 8 3 UP OK
91 BLU: 1 3 UP 1 OK
92 RED: 8 2 DOWN OK
92 BLU: 1 2 RIGHT 1 KILLS 8 B
93 RED: 8 3 UP OK
93 BLU: 5 3 LEFT 1 OK
94 RED: 3 1 LEFT OK
94 BLU: 4 3 UP 1 KILLS 1 2
95 RED: 3 2 RIGHT KILLS s 1
95 BLU: 6 6 LEFT 1 OK
96 RED: 2 1 DOWN KILLS 4 8
96 BLU: 1 5 UP 1 OK
97 RED: 8 2 DOWN OK
97 BLU: 1 4 UP 1 OK
98 RED: 8 3 DOWN OK
98 BLU: 1 3 UP 1 OK
99 RED: 2 2 DOWN OK
99 BLU: 1 2 DOWN 1 OK
100 RED: 2 3 RIGHT OK
100 BLU: 1 3 RIGHT 1 OK
101 RED: 3 3 RIGHT OK
101 BLU: 2 3 RIGHT 1 OK
102 RED: 4 3 RIGHT OK
102 BLU: 3 3 RIGHT 1 OK
103 RED: 7 3 LEFT OK
103 BLU: 4 3 RIGHT 1 KILLS 3 4
104 RED: 6 3 LEFT KILLS 1 3
104 BLU: 6 8 LEFT 1 OK
105 RED: 3 0 DOWN 3 OK
105 BLU: 5 8 LEFT 1 OK
106 RED: 3 3 RIGHT OK
106 BLU: 4 8 UP 1 OK
107 RED: 4 3 DOWN 4 DIES 9 2
107 BLU: 4 7 LEFT 1 OK
108 RED: 8 4 DOWN OK
108 BLU: 3 7 LEFT 1 OK
109 RED: 8 5 DOWN OK
109 BLU: 2 7 LEFT 1 OK
110 RED: 5 3 LEFT OK
110 BLU: 5 6 LEFT 1 OK
111 RED: 4 3 LEFT OK
111 BLU: 1 7 RIGHT 1 OK
112 RED: 3 3 LEFT OK
112 BLU: 2 7 RIGHT 1 OK
113 RED: 2 3 LEFT OK
113 BLU: 3 7 RIGHT 1 OK
114 RED: 1 3 RIGHT OK
114 BLU: 4 7 RIGHT 1 OK
115 RED: 2 3 RIGHT OK
115 BLU: 5 7 UP 1 OK
116 RED: 3 3 RIGHT OK
116 BLU: 5 6 RIGHT 1 OK
117 RED: 4 3 RIGHT OK
117 BLU: 6 6 RIGHT 1 OK
118 RED: 8 6 UP OK
118 BLU: 7 6 RIGHT 1 OK
119 RED: 8 5 RIGHT OK
119 BLU: 8 6 UP 1 OK
120 RED: 9 5 DOWN OK
120 BLU: 8 5 DOWN 1 OK
121 RED: 9 6 DOWN OK
121 BLU: 8 6 DOWN 1 OK
122 RED: 9 7 UP OK
122 BLU: 4 6 LEFT 1 OK
123 RED: 5 3 RIGHT OK
123 BLU: 8 7 UP 1 OK
124 RED: 9 6 DOWN OK
124 BLU: 8 6 DOWN 1 OK
125 RED: 9 7 UP OK
125 BLU: 3 6 RIGHT 1 OK
126 RED: 6 3 RIGHT OK
126 BLU: 8 7 UP 1 OK
127 RED: 9 6 DOWN OK
127 BLU: 8 6 DOWN 1 OK
128 RED: 9 7 UP OK
128 BLU: 4 6 UP 1 OK
129 RED: 7 3 RIGHT OK
129 BLU: 8 7 UP 1 OK
130 RED: 9 6 UP OK
130 BLU: 8 6 UP 1 OK
131 RED: 9 5 DOWN OK
131 BLU: 4 5 UP 1 OK
132 RED: 8 3 DOWN OK
132 BLU: 8 5 DOWN 1 OK
133 RED: 9 6 DOWN OK
133 BLU: 8 6 DOWN 1 OK
134 RED: 9 7 UP OK
134 BLU: 4 4 UP 1 OK
135 RED: 8 4 DOWN OK
135 BLU: 8 7 RIGHT 1 OK
136 RED: 8 5 RIGHT OK
136 BLU: 9 7 LEFT 1 OK
137 RED: 9 5 LEFT OK
137 BLU: 4 3 UP 1 BOTHDIE s s
138 RED: 8 5 DOWN OK
138 BLU: 8 7 RIGHT 1 OK
139 RED: 9 0 DOWN OK
139 BLU: 9 7 UP 1 KILLS 2 3
140 RED: 8 6 RIGHT KILLS 1 2
140 BLU: 6 7 LEFT 1 OK
141 RED: 4 1 DOWN OK
141 BLU: 3 8 RIGHT 1 OK
142 RED: 4 2 RIGHT OK
142 BLU: 4 8 UP 1 OK
143 RED: 5 2 RIGHT OK
143 BLU: 4 7 UP 1 OK
144 RED: 6 2 DOWN OK
144 BLU: 4 6 RIGHT 1 OK
145 RED: 6 3 RIGHT OK
145 BLU: 5 6 UP 1 OK
146 RED: 7 3 RIGHT OK
146 BLU: 5 5 UP 1 OK
147 RED: 8 3 DOWN OK
147 BLU: 5 4 UP 1 OK
148 RED: 9 1 LEFT OK
148 BLU: 5 3 UP 1 OK
149 RED: 5 1 LEFT OK
149 BLU: 5 2 LEFT 1 OK
150 RED: 4 1 LEFT OK
150 BLU: 4 2 LEFT 1 OK
151 RED: 3 1 UP OK
151 BLU: 3 2 UP 1 OK
152 RED: 3 0 DOWN DIES 4 3
152 BLU: 3 1 DOWN 1 OK
153 RED: 9 6 UP OK
153 BLU: 3 2 DOWN 1 OK
154 RED: 9 5 UP OK
154 BLU: 3 3 RIGHT 1 OK
155 RED: 9 4 UP OK
155 BLU: 4 3 DOWN 1 OK
156 RED: 8 4 DOWN OK
156 BLU: 4 4 DOWN 1 OK
157 RED: 9 3 LEFT OK
157 BLU: 4 5 DOWN 1 OK
158 RED: 8 3 LEFT OK
158 BLU: 4 6 RIGHT 1 OK
159 RED: 7 3 LEFT OK
159 BLU: 5 6 RIGHT 1 OK
160 RED: 6 3 LEFT OK
160 BLU: 6 6 RIGHT 1 OK
161 RED: 5 3 DOWN OK
161 BLU: 7 6 RIGHT 1 OK
162 RED: 5 4 DOWN OK
162 BLU: 8 6 UP 1 BOTHDIE 3 3
163 RED: 5 5 LEFT OK
163 BLU: 5 7 RIGHT 1 OK
164 RED: 4 5 DOWN OK
164 BLU: 6 7 UP 1 OK
165 RED: 4 6 LEFT OK
165 BLU: 6 6 RIGHT 1 OK
166 RED: 3 6 LEFT OK
166 BLU: 7 6 RIGHT 1 OK
167 RED: 2 6 LEFT OK
167 BLU: 8 6 UP 1 OK
168 RED: 1 6 LEFT OK
168 BLU: 8 5 UP 1 OK
169 RED: 0 6 DOWN OK
169 BLU: 8 4 UP 1 OK
170 RED: 0 7 DOWN KILLS 1 4
170 BLU: 8 3 UP 1 OK
171 RED: 7 2 RIGHT BOTHDIE 4 4
171 BLU: 8 8 UP 1 OK
172 RED: 0 8 UP OK
172 BLU: 8 7 UP 1 OK
173 RED: 0 7 UP OK
173 BLU: 8 6 UP 1 OK
174 RED: 0 6 RIGHT OK
174 BLU: 8 5 UP 1 OK
175 RED: 8 1 DOWN OK
175 BLU: 8 4 UP 1 OK
176 RED: 8 2 RIGHT OK
176 BLU: 8 3 UP 1 OK
177 RED: 9 2 DOWN OK
177 BLU: 8 2 DOWN 1 OK
178 RED: 8 0 RIGHT OK
178 BLU: 8 3 RIGHT 1 BOTHDIE 8 8
179 RED: 1 6 RIGHT OK
179 BLU: 7 7 RIGHT 1 OK
180 RED: 2 6 RIGHT OK
180 BLU: 8 7 UP 1 OK
181 RED: 3 6 RIGHT OK
181 BLU: 8 6 UP 1 OK
182 RED: 4 6 RIGHT OK
182 BLU: 8 5 UP 1 OK
183 RED: 5 6 RIGHT OK
183 BLU: 8 4 UP 1 OK
184 RED: 6 6 RIGHT OK
184 BLU: 8 3 LEFT 1 OK
185 RED: 7 6 RIGHT OK
185 BLU: 7 3 LEFT 1 OK
186 RED: 8 6 DOWN OK
186 BLU: 6 3 UP 1 OK
187 RED: 9 0 LEFT OK
187 BLU: 6 2 UP 1 KILLS 8 B
188 RED: 8 0 DOWN OK
188 BLU: 6 1 UP 1 VICTORY_FLAG
Game ends on BLUE's turn - REASON: Captured the flag
../agents/peternlewis/peternlewis BLUE VICTORY 188 19 10
